2025-04-22 12:45:35,969 - INFO - Starting data processing...
2025-04-22 12:45:35,970 - ERROR - Error reading C:\Users\HP\OneDrive\Desktop\pintproj\python_app\answers.json: File not found: C:\Users\HP\OneDrive\Desktop\pintproj\python_app\answers.json
2025-04-22 12:45:35,971 - ERROR - An error occurred during processing: File not found: C:\Users\HP\OneDrive\Desktop\pintproj\python_app\answers.json
2025-04-22 12:52:47,120 - INFO - Starting data processing...
2025-04-22 12:52:47,121 - INFO - Successfully read input data from C:\Users\HP\OneDrive\Desktop\pintproj\python_app\answers.json
2025-04-22 12:52:49,179 - WARNING - Attempt 1 failed, retrying in 2 seconds...
2025-04-22 12:52:53,225 - WARNING - Attempt 2 failed, retrying in 2 seconds...
2025-04-22 12:52:57,262 - ERROR - API request failed after 3 attempts: HTTPConnectionPool(host='127.0.0.1', port=5001): Max retries exceeded with url: /update_json (Caused by NewConnectionError('<urllib3.connection.HTTPConnection object at 0x000001924172D3D0>: Failed to establish a new connection: [WinError 10061] No connection could be made because the target machine actively refused it'))
2025-04-22 12:52:57,262 - ERROR - An error occurred during processing: HTTPConnectionPool(host='127.0.0.1', port=5001): Max retries exceeded with url: /update_json (Caused by NewConnectionError('<urllib3.connection.HTTPConnection object at 0x000001924172D3D0>: Failed to establish a new connection: [WinError 10061] No connection could be made because the target machine actively refused it'))
2025-04-22 12:55:41,299 - INFO - Starting data processing...
2025-04-22 12:55:43,334 - WARNING - Retrying (Retry(total=2, connect=None, read=None, redirect=None, status=None)) after connection broken by 'NewConnectionError('<urllib3.connection.HTTPConnection object at 0x000002B8E72398E0>: Failed to establish a new connection: [WinError 10061] No connection could be made because the target machine actively refused it')': /health
2025-04-22 12:55:46,369 - WARNING - Retrying (Retry(total=1, connect=None, read=None, redirect=None, status=None)) after connection broken by 'NewConnectionError('<urllib3.connection.HTTPConnection object at 0x000002B8E7239C10>: Failed to establish a new connection: [WinError 10061] No connection could be made because the target machine actively refused it')': /health
2025-04-22 12:55:50,426 - WARNING - Retrying (Retry(total=0, connect=None, read=None, redirect=None, status=None)) after connection broken by 'NewConnectionError('<urllib3.connection.HTTPConnection object at 0x000002B8E7239FA0>: Failed to establish a new connection: [WinError 10061] No connection could be made because the target machine actively refused it')': /health
2025-04-22 12:55:52,452 - WARNING - Server not ready, attempt 1/3
2025-04-22 12:55:56,498 - WARNING - Retrying (Retry(total=2, connect=None, read=None, redirect=None, status=None)) after connection broken by 'NewConnectionError('<urllib3.connection.HTTPConnection object at 0x000002B8E723A660>: Failed to establish a new connection: [WinError 10061] No connection could be made because the target machine actively refused it')': /health
2025-04-22 12:57:36,864 - INFO - Starting data processing...
2025-04-22 12:57:38,926 - WARNING - Retrying (Retry(total=2, connect=None, read=None, redirect=None, status=None)) after connection broken by 'NewConnectionError('<urllib3.connection.HTTPConnection object at 0x000001C77E449880>: Failed to establish a new connection: [WinError 10061] No connection could be made because the target machine actively refused it')': /health
2025-04-22 12:57:41,968 - WARNING - Retrying (Retry(total=1, connect=None, read=None, redirect=None, status=None)) after connection broken by 'NewConnectionError('<urllib3.connection.HTTPConnection object at 0x000001C77E449BB0>: Failed to establish a new connection: [WinError 10061] No connection could be made because the target machine actively refused it')': /health
2025-04-22 12:57:45,994 - WARNING - Retrying (Retry(total=0, connect=None, read=None, redirect=None, status=None)) after connection broken by 'NewConnectionError('<urllib3.connection.HTTPConnection object at 0x000001C77E449F40>: Failed to establish a new connection: [WinError 10061] No connection could be made because the target machine actively refused it')': /health
2025-04-22 12:57:48,037 - WARNING - Server not ready, attempt 1/3
2025-04-22 12:57:52,073 - WARNING - Retrying (Retry(total=2, connect=None, read=None, redirect=None, status=None)) after connection broken by 'NewConnectionError('<urllib3.connection.HTTPConnection object at 0x000001C77E44A5A0>: Failed to establish a new connection: [WinError 10061] No connection could be made because the target machine actively refused it')': /health
2025-04-22 12:57:55,097 - WARNING - Retrying (Retry(total=1, connect=None, read=None, redirect=None, status=None)) after connection broken by 'NewConnectionError('<urllib3.connection.HTTPConnection object at 0x000001C77E44A990>: Failed to establish a new connection: [WinError 10061] No connection could be made because the target machine actively refused it')': /health
